<?xml version="1.0" encoding="utf-8"?><testsuites><testsuite errors="0" failures="0" hostname="DESKTOP-L85IPM0" name="pytest" skipped="0" tests="6" time="0.271" timestamp="2020-08-31T15:58:13.308000"><testcase classname="test_example2-2-3" file="test_example2-2-3.py" line="12" name="test_add" time="0.000"></testcase><testcase classname="test_example2-2-3" file="test_example2-2-3.py" line="16" name="test_sub" time="0.000"></testcase><testcase classname="test_example2-2-3" file="test_example2-2-3.py" line="20" name="test_mul" time="0.011"></testcase><testcase classname="test_example2-2-3" file="test_example2-2-3.py" line="24" name="test_div" time="0.000"></testcase><testcase classname="test_example2-2-3" file="test_example2-2-3.py" line="28" name="test_square" time="0.000"></testcase><testcase classname="test_example2-2-3" file="test_example2-2-3.py" line="32" name="test_cube" time="0.000"></testcase></testsuite></testsuites>