<?xml version="1.0" encoding="utf-8"?><testsuites><testsuite errors="0" failures="0" hostname="DESKTOP-L85IPM0" name="pytest" skipped="0" tests="4" time="0.080" timestamp="2020-08-31T15:43:39.937000"><testcase classname="test_example2-2-3" file="test_example2-2-3.py" line="12" name="test_add" time="0.000"></testcase><testcase classname="test_example2-2-3" file="test_example2-2-3.py" line="16" name="test_sub" time="0.010"></testcase><testcase classname="test_example2-2-3" file="test_example2-2-3.py" line="20" name="test_mul" time="0.000"></testcase><testcase classname="test_example2-2-3" file="test_example2-2-3.py" line="24" name="test_div" time="0.000"></testcase></testsuite></testsuites>